<?xml version="1.0" encoding="UTF-8"?>
<testsuite name="IsogramCheckerTest" tests="14" skipped="13" failures="0" errors="0" timestamp="2024-01-31T03:58:34" hostname="DESKTOP-GH8URE5" time="0.081">
  <properties/>
  <testcase name="testDuplicatedCharacterAndTwoHyphens()" classname="IsogramCheckerTest" time="0.001">
    <skipped/>
  </testcase>
  <testcase name="testDuplicateEndAlphabet()" classname="IsogramCheckerTest" time="0.0">
    <skipped/>
  </testcase>
  <testcase name="testIsogramWithDuplicatedHyphen()" classname="IsogramCheckerTest" time="0.001">
    <skipped/>
  </testcase>
  <testcase name="testIsogramWithDuplicatedCharAfterHyphen()" classname="IsogramCheckerTest" time="0.001">
    <skipped/>
  </testcase>
  <testcase name="testCaseInsensitive()" classname="IsogramCheckerTest" time="0.0">
    <skipped/>
  </testcase>
  <testcase name="testLowercaseIsogram()" classname="IsogramCheckerTest" time="0.001">
    <skipped/>
  </testcase>
  <testcase name="testNotIsogram()" classname="IsogramCheckerTest" time="0.0">
    <skipped/>
  </testcase>
  <testcase name="testMadeUpNameThatIsAnIsogram()" classname="IsogramCheckerTest" time="0.0">
    <skipped/>
  </testcase>
  <testcase name="testEmptyString()" classname="IsogramCheckerTest" time="0.063"/>
  <testcase name="testIsogramWithHyphen()" classname="IsogramCheckerTest" time="0.0">
    <skipped/>
  </testcase>
  <testcase name="testDuplicateMixedCase()" classname="IsogramCheckerTest" time="0.001">
    <skipped/>
  </testcase>
  <testcase name="testSameFirstAndLast()" classname="IsogramCheckerTest" time="0.001">
    <skipped/>
  </testcase>
  <testcase name="testMediumLongIsogram()" classname="IsogramCheckerTest" time="0.0">
    <skipped/>
  </testcase>
  <testcase name="testDuplicatedCharacterInTheMiddleIsNotIsogram()" classname="IsogramCheckerTest" time="0.0">
    <skipped/>
  </testcase>
  <system-out><![CDATA[]]></system-out>
  <system-err><![CDATA[]]></system-err>
</testsuite>
