<?xml version="1.0" encoding="UTF-8"?>
<testsuite name="ResistorColorDuoTest" tests="7" skipped="6" failures="0" errors="0" timestamp="2024-01-29T12:11:05" hostname="DESKTOP-GH8URE5" time="0.071">
  <properties/>
  <testcase name="testWhiteAndRed()" classname="ResistorColorDuoTest" time="0.0">
    <skipped/>
  </testcase>
  <testcase name="testBlackAndBrownOneDigit()" classname="ResistorColorDuoTest" time="0.001">
    <skipped/>
  </testcase>
  <testcase name="testBrownAndBlack()" classname="ResistorColorDuoTest" time="0.063"/>
  <testcase name="testBlueAndGrey()" classname="ResistorColorDuoTest" time="0.001">
    <skipped/>
  </testcase>
  <testcase name="testOrangeAndOrange()" classname="ResistorColorDuoTest" time="0.001">
    <skipped/>
  </testcase>
  <testcase name="testYellowAndViolet()" classname="ResistorColorDuoTest" time="0.001">
    <skipped/>
  </testcase>
  <testcase name="testIgnoreAdditionalColors()" classname="ResistorColorDuoTest" time="0.0">
    <skipped/>
  </testcase>
  <system-out><![CDATA[]]></system-out>
  <system-err><![CDATA[]]></system-err>
</testsuite>
