<?xml version="1.0" encoding="UTF-8"?>
<testsuite name="PangramCheckerTest" tests="10" skipped="9" failures="0" errors="0" timestamp="2024-01-27T06:02:35" hostname="DESKTOP-GH8URE5" time="0.064">
  <properties/>
  <testcase name="perfectLowerCasePhraseIsPangram()" classname="PangramCheckerTest" time="0.001">
    <skipped/>
  </testcase>
  <testcase name="phraseWithNumbersIsPangram()" classname="PangramCheckerTest" time="0.0">
    <skipped/>
  </testcase>
  <testcase name="phraseWithUnderscoresIsPangram()" classname="PangramCheckerTest" time="0.0">
    <skipped/>
  </testcase>
  <testcase name="phraseWithOnlyLowerCaseIsPangram()" classname="PangramCheckerTest" time="0.0">
    <skipped/>
  </testcase>
  <testcase name="phraseMissingCharacterXIsNotPangram()" classname="PangramCheckerTest" time="0.001">
    <skipped/>
  </testcase>
  <testcase name="phraseMissingCharacterHIsNotPangram()" classname="PangramCheckerTest" time="0.0">
    <skipped/>
  </testcase>
  <testcase name="phraseWithMissingLettersReplacedByNumbersIsNotPangram()" classname="PangramCheckerTest" time="0.001">
    <skipped/>
  </testcase>
  <testcase name="emptySentenceIsNotPangram()" classname="PangramCheckerTest" time="0.054"/>
  <testcase name="phraseWithMixedCaseAndPunctuationIsPangram()" classname="PangramCheckerTest" time="0.0">
    <skipped/>
  </testcase>
  <testcase name="caseInsensitivePhraseIsNotPangram()" classname="PangramCheckerTest" time="0.0">
    <skipped/>
  </testcase>
  <system-out><![CDATA[]]></system-out>
  <system-err><![CDATA[]]></system-err>
</testsuite>
