<?xml version="1.0" encoding="UTF-8"?>
<testsuite name="SpaceAgeTest" tests="8" skipped="7" failures="0" errors="0" timestamp="2024-01-24T07:20:29" hostname="DESKTOP-GH8URE5" time="0.064">
  <properties/>
  <testcase name="ageOnSaturn()" classname="SpaceAgeTest" time="0.001">
    <skipped/>
  </testcase>
  <testcase name="ageOnUranus()" classname="SpaceAgeTest" time="0.0">
    <skipped/>
  </testcase>
  <testcase name="ageOnJupiter()" classname="SpaceAgeTest" time="0.0">
    <skipped/>
  </testcase>
  <testcase name="ageOnMercury()" classname="SpaceAgeTest" time="0.0">
    <skipped/>
  </testcase>
  <testcase name="ageOnEarth()" classname="SpaceAgeTest" time="0.056"/>
  <testcase name="ageOnVenus()" classname="SpaceAgeTest" time="0.0">
    <skipped/>
  </testcase>
  <testcase name="ageOnMars()" classname="SpaceAgeTest" time="0.0">
    <skipped/>
  </testcase>
  <testcase name="ageOnNeptune()" classname="SpaceAgeTest" time="0.0">
    <skipped/>
  </testcase>
  <system-out><![CDATA[]]></system-out>
  <system-err><![CDATA[]]></system-err>
</testsuite>
