<?xml version="1.0" encoding="UTF-8"?>
<testsuite name="BinarySearchTest" tests="11" skipped="10" failures="0" errors="0" timestamp="2024-02-03T10:50:07" hostname="DESKTOP-GH8URE5" time="0.065">
  <properties/>
  <testcase name="identifiesThatAValueIsNotFoundInTheArray()" classname="BinarySearchTest" time="0.001">
    <skipped/>
  </testcase>
  <testcase name="nothingIsFoundWhenTheLeftAndRightBoundCross()" classname="BinarySearchTest" time="0.0">
    <skipped/>
  </testcase>
  <testcase name="findsAValueInAnArrayWithOneElement()" classname="BinarySearchTest" time="0.055"/>
  <testcase name="aValueLargerThanTheArraysSmallestValueIsNotFound()" classname="BinarySearchTest" time="0.0">
    <skipped/>
  </testcase>
  <testcase name="findsAValueInAnArrayOfOddLength()" classname="BinarySearchTest" time="0.0">
    <skipped/>
  </testcase>
  <testcase name="findsAValueAtTheEndOfAnArray()" classname="BinarySearchTest" time="0.0">
    <skipped/>
  </testcase>
  <testcase name="aValueSmallerThanTheArraysSmallestValueIsNotFound()" classname="BinarySearchTest" time="0.0">
    <skipped/>
  </testcase>
  <testcase name="findsAValueInAnArrayOfEvenLength()" classname="BinarySearchTest" time="0.0">
    <skipped/>
  </testcase>
  <testcase name="findsAValueAtTheBeginningOfAnArray()" classname="BinarySearchTest" time="0.0">
    <skipped/>
  </testcase>
  <testcase name="nothingIsFoundInAnEmptyArray()" classname="BinarySearchTest" time="0.001">
    <skipped/>
  </testcase>
  <testcase name="findsAValueInTheMiddleOfAnArray()" classname="BinarySearchTest" time="0.001">
    <skipped/>
  </testcase>
  <system-out><![CDATA[]]></system-out>
  <system-err><![CDATA[]]></system-err>
</testsuite>
