<?xml version="1.0" encoding="UTF-8"?>
<testsuite name="ProteinTranslatorTest" tests="30" skipped="29" failures="0" errors="0" timestamp="2024-01-31T07:52:46" hostname="DESKTOP-GH8URE5" time="0.114">
  <properties/>
  <testcase name="testTryptophanRnaSequence1()" classname="ProteinTranslatorTest" time="0.001">
    <skipped/>
  </testcase>
  <testcase name="testTranslationOfRnaToProteinList()" classname="ProteinTranslatorTest" time="0.0">
    <skipped/>
  </testcase>
  <testcase name="testSequenceOfTwoProteinCodonsTranslatesIntoProteins()" classname="ProteinTranslatorTest" time="0.0">
    <skipped/>
  </testcase>
  <testcase name="testMethionineRnaSequence()" classname="ProteinTranslatorTest" time="0.0">
    <skipped/>
  </testcase>
  <testcase name="testTranslationStopsIfStopCodonInMiddle1()" classname="ProteinTranslatorTest" time="0.0">
    <skipped/>
  </testcase>
  <testcase name="testTranslationStopsIfStopCodonInMiddle2()" classname="ProteinTranslatorTest" time="0.0">
    <skipped/>
  </testcase>
  <testcase name="testEmptyRnaSequenceResultInNoproteins()" classname="ProteinTranslatorTest" time="0.071"/>
  <testcase name="testSequenceOfTwoDifferentProteinCodonsTranslatesIntoProteins()" classname="ProteinTranslatorTest" time="0.0">
    <skipped/>
  </testcase>
  <testcase name="testTyrosineRnaSequence1()" classname="ProteinTranslatorTest" time="0.0">
    <skipped/>
  </testcase>
  <testcase name="testTyrosineRnaSequence2()" classname="ProteinTranslatorTest" time="0.0">
    <skipped/>
  </testcase>
  <testcase name="testNonExistingCodonCantTranslate()" classname="ProteinTranslatorTest" time="0.0">
    <skipped/>
  </testcase>
  <testcase name="testIncompleteRnaSequenceCanTranslateIfValidUntilAStopCodon()" classname="ProteinTranslatorTest" time="0.001">
    <skipped/>
  </testcase>
  <testcase name="testTranslationStopsIfStopCodonAtEnd1()" classname="ProteinTranslatorTest" time="0.0">
    <skipped/>
  </testcase>
  <testcase name="testTranslationStopsIfStopCodonAtEnd2()" classname="ProteinTranslatorTest" time="0.001">
    <skipped/>
  </testcase>
  <testcase name="testLeucineRnaSequence1()" classname="ProteinTranslatorTest" time="0.0">
    <skipped/>
  </testcase>
  <testcase name="testLeucineRnaSequence2()" classname="ProteinTranslatorTest" time="0.0">
    <skipped/>
  </testcase>
  <testcase name="testStopRnaSequence1()" classname="ProteinTranslatorTest" time="0.0">
    <skipped/>
  </testcase>
  <testcase name="testStopRnaSequence2()" classname="ProteinTranslatorTest" time="0.0">
    <skipped/>
  </testcase>
  <testcase name="testStopRnaSequence3()" classname="ProteinTranslatorTest" time="0.0">
    <skipped/>
  </testcase>
  <testcase name="testPhenylalanineRnaSequence1()" classname="ProteinTranslatorTest" time="0.0">
    <skipped/>
  </testcase>
  <testcase name="testPhenylalanineRnaSequence2()" classname="ProteinTranslatorTest" time="0.0">
    <skipped/>
  </testcase>
  <testcase name="testUnknownAminoAcidsNotPartOfACodonCantTranslate()" classname="ProteinTranslatorTest" time="0.0">
    <skipped/>
  </testcase>
  <testcase name="testSerineRnaSequence1()" classname="ProteinTranslatorTest" time="0.0">
    <skipped/>
  </testcase>
  <testcase name="testSerineRnaSequence2()" classname="ProteinTranslatorTest" time="0.0">
    <skipped/>
  </testcase>
  <testcase name="testSerineRnaSequence3()" classname="ProteinTranslatorTest" time="0.0">
    <skipped/>
  </testcase>
  <testcase name="testSerineRnaSequence4()" classname="ProteinTranslatorTest" time="0.0">
    <skipped/>
  </testcase>
  <testcase name="testTranslationStopsIfStopCodonAtBeginning()" classname="ProteinTranslatorTest" time="0.0">
    <skipped/>
  </testcase>
  <testcase name="testIncompleteRnaSequenceCantTranslate()" classname="ProteinTranslatorTest" time="0.0">
    <skipped/>
  </testcase>
  <testcase name="testCysteineRnaSequence1()" classname="ProteinTranslatorTest" time="0.0">
    <skipped/>
  </testcase>
  <testcase name="testCysteineRnaSequence2()" classname="ProteinTranslatorTest" time="0.0">
    <skipped/>
  </testcase>
  <system-out><![CDATA[]]></system-out>
  <system-err><![CDATA[]]></system-err>
</testsuite>
