<?xml version="1.0" encoding="UTF-8"?>
<testsuite name="DartsTest" tests="13" skipped="12" failures="0" errors="0" timestamp="2024-01-27T10:06:50" hostname="DESKTOP-GH8URE5" time="0.078">
  <properties/>
  <testcase name="exactlyOnCentre()" classname="DartsTest" time="0.001">
    <skipped/>
  </testcase>
  <testcase name="onTheInnerCircle()" classname="DartsTest" time="0.0">
    <skipped/>
  </testcase>
  <testcase name="justWithinTheInnerCircle()" classname="DartsTest" time="0.0">
    <skipped/>
  </testcase>
  <testcase name="justWithinTheMiddleCircle()" classname="DartsTest" time="0.0">
    <skipped/>
  </testcase>
  <testcase name="asymmetricPositionBetweenTheInnerAndMiddleCircles()" classname="DartsTest" time="0.0">
    <skipped/>
  </testcase>
  <testcase name="nearTheCentre()" classname="DartsTest" time="0.0">
    <skipped/>
  </testcase>
  <testcase name="missedTarget()" classname="DartsTest" time="0.064"/>
  <testcase name="justOutsideTheOuterCircle()" classname="DartsTest" time="0.0">
    <skipped/>
  </testcase>
  <testcase name="justOutsideTheMiddleCircle()" classname="DartsTest" time="0.0">
    <skipped/>
  </testcase>
  <testcase name="onTheMiddleCircle()" classname="DartsTest" time="0.0">
    <skipped/>
  </testcase>
  <testcase name="onTheOuterCircle()" classname="DartsTest" time="0.0">
    <skipped/>
  </testcase>
  <testcase name="justWithinTheOuterCircle()" classname="DartsTest" time="0.0">
    <skipped/>
  </testcase>
  <testcase name="justOutsideTheInnerCircle()" classname="DartsTest" time="0.0">
    <skipped/>
  </testcase>
  <system-out><![CDATA[]]></system-out>
  <system-err><![CDATA[]]></system-err>
</testsuite>
