<?xml version="1.0" encoding="UTF-8"?>
<testsuite name="SayTest" tests="19" skipped="18" failures="0" errors="0" timestamp="2024-01-27T05:34:11" hostname="DESKTOP-GH8URE5" time="0.143">
  <properties/>
  <testcase name="thirty()" classname="SayTest" time="0.001">
    <skipped/>
  </testcase>
  <testcase name="twenty()" classname="SayTest" time="0.0">
    <skipped/>
  </testcase>
  <testcase name="nineHundredNinetyNine()" classname="SayTest" time="0.0">
    <skipped/>
  </testcase>
  <testcase name="nineHundredEightySevenBillionSixHundredFiftyFourThreeHundredTwentyOneThousandOneHundredTwentyThree()" classname="SayTest" time="0.0">
    <skipped/>
  </testcase>
  <testcase name="oneBillion()" classname="SayTest" time="0.0">
    <skipped/>
  </testcase>
  <testcase name="one()" classname="SayTest" time="0.0">
    <skipped/>
  </testcase>
  <testcase name="zero()" classname="SayTest" time="0.105"/>
  <testcase name="oneMillionTwoThousandThreeHundredFortyFive()" classname="SayTest" time="0.0">
    <skipped/>
  </testcase>
  <testcase name="ninetyNine()" classname="SayTest" time="0.0">
    <skipped/>
  </testcase>
  <testcase name="twentyTwo()" classname="SayTest" time="0.0">
    <skipped/>
  </testcase>
  <testcase name="fourteen()" classname="SayTest" time="0.0">
    <skipped/>
  </testcase>
  <testcase name="oneMillion()" classname="SayTest" time="0.0">
    <skipped/>
  </testcase>
  <testcase name="illegalNegativeNumber()" classname="SayTest" time="0.0">
    <skipped/>
  </testcase>
  <testcase name="oneHundred()" classname="SayTest" time="0.0">
    <skipped/>
  </testcase>
  <testcase name="illegalTooBigNumber()" classname="SayTest" time="0.009">
    <skipped/>
  </testcase>
  <testcase name="oneHundredTwentyThree()" classname="SayTest" time="0.003">
    <skipped/>
  </testcase>
  <testcase name="twoHundred()" classname="SayTest" time="0.001">
    <skipped/>
  </testcase>
  <testcase name="oneThousand()" classname="SayTest" time="0.001">
    <skipped/>
  </testcase>
  <testcase name="oneThousandTwoHundredThirtyFour()" classname="SayTest" time="0.0">
    <skipped/>
  </testcase>
  <system-out><![CDATA[]]></system-out>
  <system-err><![CDATA[]]></system-err>
</testsuite>
