<?xml version="1.0" encoding="UTF-8"?>
<testsuite name="PrimeFactorsCalculatorTest" tests="12" skipped="11" failures="0" errors="0" timestamp="2024-02-03T10:11:38" hostname="DESKTOP-GH8URE5" time="0.098">
  <properties/>
  <testcase name="testProductOfSecondPrime()" classname="PrimeFactorsCalculatorTest" time="0.001">
    <skipped/>
  </testcase>
  <testcase name="testProductOfThirdPrime()" classname="PrimeFactorsCalculatorTest" time="0.0">
    <skipped/>
  </testcase>
  <testcase name="testProductOfPrimes()" classname="PrimeFactorsCalculatorTest" time="0.0">
    <skipped/>
  </testcase>
  <testcase name="testProductOfFirstPrime()" classname="PrimeFactorsCalculatorTest" time="0.0">
    <skipped/>
  </testcase>
  <testcase name="testCubeOfAPrime()" classname="PrimeFactorsCalculatorTest" time="0.0">
    <skipped/>
  </testcase>
  <testcase name="testNoFactors()" classname="PrimeFactorsCalculatorTest" time="0.083"/>
  <testcase name="testProductOfPrimesAndNonPrimes()" classname="PrimeFactorsCalculatorTest" time="0.0">
    <skipped/>
  </testcase>
  <testcase name="testPrimeNumber()" classname="PrimeFactorsCalculatorTest" time="0.0">
    <skipped/>
  </testcase>
  <testcase name="testSquareOfAPrime()" classname="PrimeFactorsCalculatorTest" time="0.0">
    <skipped/>
  </testcase>
  <testcase name="testProductOfFirstAndSecondPrime()" classname="PrimeFactorsCalculatorTest" time="0.001">
    <skipped/>
  </testcase>
  <testcase name="testAnotherPrimeNumber()" classname="PrimeFactorsCalculatorTest" time="0.001">
    <skipped/>
  </testcase>
  <testcase name="testFactorsIncludingALargePrime()" classname="PrimeFactorsCalculatorTest" time="0.0">
    <skipped/>
  </testcase>
  <system-out><![CDATA[]]></system-out>
  <system-err><![CDATA[]]></system-err>
</testsuite>
