<?xml version="1.0" encoding="UTF-8"?>
<testsuite name="TriangleTest" tests="21" skipped="20" failures="0" errors="0" timestamp="2024-01-25T11:08:58" hostname="DESKTOP-GH8URE5" time="0.084">
  <properties/>
  <testcase name="verySmallTrianglesCanBeEquilateral()" classname="TriangleTest" time="0.001">
    <skipped/>
  </testcase>
  <testcase name="isoscelesTrianglesHaveLastTwoSidesEqual()" classname="TriangleTest" time="0.0">
    <skipped/>
  </testcase>
  <testcase name="trianglesWithOneUnequalSideAreNotEquilateral()" classname="TriangleTest" time="0.0">
    <skipped/>
  </testcase>
  <testcase name="scaleneTrianglesHaveNoEqualSides()" classname="TriangleTest" time="0.0">
    <skipped/>
  </testcase>
  <testcase name="trianglesWithNoEqualSidesAreNotEquilateral()" classname="TriangleTest" time="0.0">
    <skipped/>
  </testcase>
  <testcase name="isoscelesTrianglesHaveFirstAndLastSidesEqual()" classname="TriangleTest" time="0.0">
    <skipped/>
  </testcase>
  <testcase name="mayNotViolateTriangleInequality()" classname="TriangleTest" time="0.0">
    <skipped/>
  </testcase>
  <testcase name="firstTriangleInequalityViolation()" classname="TriangleTest" time="0.0">
    <skipped/>
  </testcase>
  <testcase name="twoSidesEqualAreNotScalene()" classname="TriangleTest" time="0.001">
    <skipped/>
  </testcase>
  <testcase name="firstAndThirdSidesAreEqualAreNotScalene()" classname="TriangleTest" time="0.0">
    <skipped/>
  </testcase>
  <testcase name="thirdTriangleInequalityViolation()" classname="TriangleTest" time="0.0">
    <skipped/>
  </testcase>
  <testcase name="secondAndThirdSidesAreEqualAreNotScalene()" classname="TriangleTest" time="0.0">
    <skipped/>
  </testcase>
  <testcase name="allSidesEqualAreNotScalene()" classname="TriangleTest" time="0.0">
    <skipped/>
  </testcase>
  <testcase name="equilateralTrianglesHaveEqualSides()" classname="TriangleTest" time="0.055"/>
  <testcase name="trianglesWithNoSizeAreIllegal()" classname="TriangleTest" time="0.001">
    <skipped/>
  </testcase>
  <testcase name="isoscelesTrianglesHaveTwoFirstSidesEqual()" classname="TriangleTest" time="0.0">
    <skipped/>
  </testcase>
  <testcase name="equilateralTrianglesAreAlsoIsosceles()" classname="TriangleTest" time="0.001">
    <skipped/>
  </testcase>
  <testcase name="verySmallTrianglesCanBeIsosceles()" classname="TriangleTest" time="0.0">
    <skipped/>
  </testcase>
  <testcase name="noSidesAreEqualCantBeIsoceles()" classname="TriangleTest" time="0.001">
    <skipped/>
  </testcase>
  <testcase name="secondTriangleInequalityViolation()" classname="TriangleTest" time="0.0">
    <skipped/>
  </testcase>
  <testcase name="verySmallTrianglesCanBeScalene()" classname="TriangleTest" time="0.0">
    <skipped/>
  </testcase>
  <system-out><![CDATA[]]></system-out>
  <system-err><![CDATA[]]></system-err>
</testsuite>
