<?xml version="1.0" encoding="UTF-8"?>
<testsuite name="HighScoresTest" tests="12" skipped="11" failures="0" errors="0" timestamp="2024-02-02T11:45:54" hostname="DESKTOP-GH8URE5" time="0.094">
  <properties/>
  <testcase name="callingLatestAfterPersonalBest()" classname="HighScoresTest" time="0.001">
    <skipped/>
  </testcase>
  <testcase name="shouldReturnPersonalTopThreeFromListOfScores()" classname="HighScoresTest" time="0.0">
    <skipped/>
  </testcase>
  <testcase name="shouldReturnPersonalBest()" classname="HighScoresTest" time="0.0">
    <skipped/>
  </testcase>
  <testcase name="shouldReturnListOfScores()" classname="HighScoresTest" time="0.082"/>
  <testcase name="shouldReturnLatestAddedScore()" classname="HighScoresTest" time="0.0">
    <skipped/>
  </testcase>
  <testcase name="callingLatestAfterPersonalTopThree()" classname="HighScoresTest" time="0.0">
    <skipped/>
  </testcase>
  <testcase name="callingScoresAfterPersonalTopThree()" classname="HighScoresTest" time="0.0">
    <skipped/>
  </testcase>
  <testcase name="shouldReturnPersonalTopWhenThereIsOnlyOneScore()" classname="HighScoresTest" time="0.0">
    <skipped/>
  </testcase>
  <testcase name="callingScoresAfterPersonalBest()" classname="HighScoresTest" time="0.0">
    <skipped/>
  </testcase>
  <testcase name="shouldReturnPersonalTopThreeWhenThereIsATie()" classname="HighScoresTest" time="0.001">
    <skipped/>
  </testcase>
  <testcase name="shouldReturnPersonalTopThreeSortedHighestToLowest()" classname="HighScoresTest" time="0.0">
    <skipped/>
  </testcase>
  <testcase name="shouldReturnPersonalTopWhenThereIsLessThanThreeScores()" classname="HighScoresTest" time="0.0">
    <skipped/>
  </testcase>
  <system-out><![CDATA[]]></system-out>
  <system-err><![CDATA[]]></system-err>
</testsuite>
