<?xml version="1.0" encoding="UTF-8"?>
<testsuite name="FlattenerTest" tests="11" skipped="10" failures="0" errors="0" timestamp="2024-02-07T07:01:31" hostname="DESKTOP-GH8URE5" time="0.089">
  <properties/>
  <testcase name="testSixLevelsOfNestingWithNulls()" classname="FlattenerTest" time="0.001">
    <skipped/>
  </testcase>
  <testcase name="testNestedList()" classname="FlattenerTest" time="0.0">
    <skipped/>
  </testcase>
  <testcase name="testASingleLevelOfNestingWithNoNulls()" classname="FlattenerTest" time="0.001">
    <skipped/>
  </testcase>
  <testcase name="testFlatListIsPreserved()" classname="FlattenerTest" time="0.0">
    <skipped/>
  </testcase>
  <testcase name="testEmpty()" classname="FlattenerTest" time="0.067"/>
  <testcase name="testFiveLevelsOfNestingWithNoNulls()" classname="FlattenerTest" time="0.0">
    <skipped/>
  </testcase>
  <testcase name="testConsecutiveNullValuesInMiddleOfListAreOmitted()" classname="FlattenerTest" time="0.0">
    <skipped/>
  </testcase>
  <testcase name="testNestedListsFullOfNullsOnly()" classname="FlattenerTest" time="0.0">
    <skipped/>
  </testcase>
  <testcase name="testNullValuesAreOmitted()" classname="FlattenerTest" time="0.0">
    <skipped/>
  </testcase>
  <testcase name="testConsecutiveNullValuesAtFrontOfListAreOmitted()" classname="FlattenerTest" time="0.0">
    <skipped/>
  </testcase>
  <testcase name="testSixLevelsOfNestingWithNoNulls()" classname="FlattenerTest" time="0.0">
    <skipped/>
  </testcase>
  <system-out><![CDATA[]]></system-out>
  <system-err><![CDATA[]]></system-err>
</testsuite>
