<?xml version="1.0" encoding="UTF-8"?>
<testsuite name="RotationalCipherTest" tests="10" skipped="9" failures="0" errors="0" timestamp="2024-02-08T05:36:50" hostname="DESKTOP-GH8URE5" time="0.075">
  <properties/>
  <testcase name="rotateCapitalLetters()" classname="RotationalCipherTest" time="0.001">
    <skipped/>
  </testcase>
  <testcase name="rotateNumbers()" classname="RotationalCipherTest" time="0.0">
    <skipped/>
  </testcase>
  <testcase name="rotatePunctuation()" classname="RotationalCipherTest" time="0.0">
    <skipped/>
  </testcase>
  <testcase name="rotateAllLetters()" classname="RotationalCipherTest" time="0.001">
    <skipped/>
  </testcase>
  <testcase name="rotateSingleCharacterBy0()" classname="RotationalCipherTest" time="0.064"/>
  <testcase name="rotateSingleCharacterBy1()" classname="RotationalCipherTest" time="0.0">
    <skipped/>
  </testcase>
  <testcase name="rotateSingleCharacterBy13()" classname="RotationalCipherTest" time="0.0">
    <skipped/>
  </testcase>
  <testcase name="rotateSingleCharacterBy26()" classname="RotationalCipherTest" time="0.0">
    <skipped/>
  </testcase>
  <testcase name="rotateSpaces()" classname="RotationalCipherTest" time="0.0">
    <skipped/>
  </testcase>
  <testcase name="rotateSingleCharacterWithWrapAround()" classname="RotationalCipherTest" time="0.0">
    <skipped/>
  </testcase>
  <system-out><![CDATA[]]></system-out>
  <system-err><![CDATA[]]></system-err>
</testsuite>
